{"/Users/alessandro.bellini/Dev/vue-class/src/client/apps/code/05/@data.js": {"path":"/Users/alessandro.bellini/Dev/vue-class/src/client/apps/code/05/@data.js","statementMap":{"0":{"start":{"line":1,"column":0},"end":{"line":13,"column":1}}},"fnMap":{},"branchMap":{},"s":{"0":1},"f":{},"b":{},"_coverageSchema":"1a1c01bbd47fc00a2c39e90264f33305004495a9","hash":"a6ab4298cbbf4abdf5f40495955deb94867e2a5d"}
,"/Users/alessandro.bellini/Dev/vue-class/src/client/apps/code/05/1-data/clients/email.ts": {"path":"/Users/alessandro.bellini/Dev/vue-class/src/client/apps/code/05/1-data/clients/email.ts","statementMap":{"0":{"start":{"line":2,"column":0},"end":{"line":2,"column":null}},"1":{"start":{"line":5,"column":25},"end":{"line":5,"column":58}},"2":{"start":{"line":5,"column":58},"end":{"line":5,"column":null}},"3":{"start":{"line":7,"column":53},"end":{"line":7,"column":59}},"4":{"start":{"line":7,"column":16},"end":{"line":5,"column":null}},"5":{"start":{"line":14,"column":8},"end":{"line":14,"column":15}},"6":{"start":{"line":19,"column":24},"end":{"line":19,"column":31}},"7":{"start":{"line":19,"column":61},"end":{"line":19,"column":null}},"8":{"start":{"line":21,"column":47},"end":{"line":21,"column":53}},"9":{"start":{"line":21,"column":16},"end":{"line":19,"column":null}},"10":{"start":{"line":31,"column":8},"end":{"line":31,"column":15}},"11":{"start":{"line":36,"column":33},"end":{"line":36,"column":40}},"12":{"start":{"line":36,"column":91},"end":{"line":36,"column":null}},"13":{"start":{"line":38,"column":47},"end":{"line":38,"column":53}},"14":{"start":{"line":38,"column":16},"end":{"line":36,"column":null}},"15":{"start":{"line":49,"column":8},"end":{"line":49,"column":15}}},"fnMap":{"0":{"name":"getEmails","decl":{"start":{"line":5,"column":13},"end":{"line":5,"column":22}},"loc":{"start":{"line":5,"column":25},"end":{"line":5,"column":58}}},"1":{"name":"_callee","decl":{"start":{"line":5,"column":58},"end":{"line":5,"column":null}},"loc":{"start":{"line":5,"column":58},"end":{"line":5,"column":null}}},"2":{"name":"getEmail","decl":{"start":{"line":19,"column":13},"end":{"line":19,"column":21}},"loc":{"start":{"line":19,"column":24},"end":{"line":19,"column":31}}},"3":{"name":"_callee2","decl":{"start":{"line":19,"column":61},"end":{"line":19,"column":null}},"loc":{"start":{"line":19,"column":61},"end":{"line":19,"column":null}}},"4":{"name":"updateEmailStatus","decl":{"start":{"line":36,"column":13},"end":{"line":36,"column":30}},"loc":{"start":{"line":36,"column":33},"end":{"line":36,"column":40}}},"5":{"name":"_callee3","decl":{"start":{"line":36,"column":91},"end":{"line":36,"column":null}},"loc":{"start":{"line":36,"column":91},"end":{"line":36,"column":null}}}},"branchMap":{"0":{"loc":{"start":{"line":5,"column":58},"end":{"line":7,"column":59}},"type":"switch","locations":[{"start":{"line":5,"column":58},"end":{"line":7,"column":59}},{"start":{"line":5,"column":58},"end":{"line":5,"column":null}},{"start":{"line":5,"column":58},"end":{"line":5,"column":null}},{"start":{"line":5,"column":58},"end":{"line":5,"column":null}},{"start":{"line":5,"column":58},"end":{"line":5,"column":null}}]},"1":{"loc":{"start":{"line":19,"column":61},"end":{"line":21,"column":53}},"type":"switch","locations":[{"start":{"line":19,"column":61},"end":{"line":21,"column":53}},{"start":{"line":19,"column":61},"end":{"line":19,"column":null}},{"start":{"line":19,"column":61},"end":{"line":19,"column":null}},{"start":{"line":19,"column":61},"end":{"line":19,"column":null}},{"start":{"line":19,"column":61},"end":{"line":19,"column":null}}]},"2":{"loc":{"start":{"line":36,"column":91},"end":{"line":38,"column":53}},"type":"switch","locations":[{"start":{"line":36,"column":91},"end":{"line":38,"column":53}},{"start":{"line":36,"column":91},"end":{"line":36,"column":null}},{"start":{"line":36,"column":91},"end":{"line":36,"column":null}},{"start":{"line":36,"column":91},"end":{"line":36,"column":null}},{"start":{"line":36,"column":91},"end":{"line":36,"column":null}}]}},"s":{"0":3,"1":7,"2":48,"3":4,"4":4,"5":0,"6":3,"7":0,"8":0,"9":0,"10":0,"11":4,"12":12,"13":1,"14":1,"15":0},"f":{"0":4,"1":16,"2":0,"3":0,"4":1,"5":4},"b":{"0":[4,4,0,0,4],"1":[0,0,0,0,0],"2":[1,1,0,0,1]}}
,"/Users/alessandro.bellini/Dev/vue-class/src/client/apps/code/05/1-data/typings/Email.ts": {"path":"/Users/alessandro.bellini/Dev/vue-class/src/client/apps/code/05/1-data/typings/Email.ts","statementMap":{"0":{"start":{"line":1,"column":0},"end":{"line":1,"column":12}},"1":{"start":{"line":2,"column":4},"end":{"line":2,"column":null}},"2":{"start":{"line":3,"column":4},"end":{"line":3,"column":null}},"3":{"start":{"line":4,"column":4},"end":{"line":4,"column":null}}},"fnMap":{"0":{"name":"(anonymous_0)","decl":{"start":{"line":1,"column":0},"end":{"line":1,"column":12}},"loc":{"start":{"line":1,"column":23},"end":{"line":5,"column":null}}}},"branchMap":{"0":{"loc":{"start":{"line":1,"column":12},"end":{"line":1,"column":23}},"type":"binary-expr","locations":[{"start":{"line":1,"column":12},"end":{"line":1,"column":23}},{"start":{"line":1,"column":23},"end":{"line":1,"column":null}}]}},"s":{"0":7,"1":7,"2":7,"3":7},"f":{"0":7},"b":{"0":[7,7]}}
,"/Users/alessandro.bellini/Dev/vue-class/src/client/apps/code/05/1-data/typings/Notification.ts": {"path":"/Users/alessandro.bellini/Dev/vue-class/src/client/apps/code/05/1-data/typings/Notification.ts","statementMap":{"0":{"start":{"line":1,"column":0},"end":{"line":1,"column":12}},"1":{"start":{"line":2,"column":4},"end":{"line":2,"column":null}},"2":{"start":{"line":3,"column":4},"end":{"line":3,"column":null}},"3":{"start":{"line":4,"column":4},"end":{"line":4,"column":null}},"4":{"start":{"line":5,"column":4},"end":{"line":5,"column":null}},"5":{"start":{"line":6,"column":4},"end":{"line":6,"column":null}}},"fnMap":{"0":{"name":"(anonymous_0)","decl":{"start":{"line":1,"column":0},"end":{"line":1,"column":12}},"loc":{"start":{"line":1,"column":28},"end":{"line":7,"column":null}}}},"branchMap":{"0":{"loc":{"start":{"line":1,"column":12},"end":{"line":1,"column":28}},"type":"binary-expr","locations":[{"start":{"line":1,"column":12},"end":{"line":1,"column":28}},{"start":{"line":1,"column":28},"end":{"line":1,"column":null}}]}},"s":{"0":3,"1":3,"2":3,"3":3,"4":3,"5":3},"f":{"0":3},"b":{"0":[3,3]}}
,"/Users/alessandro.bellini/Dev/vue-class/src/client/apps/code/05/2-connection/Store.ts": {"path":"/Users/alessandro.bellini/Dev/vue-class/src/client/apps/code/05/2-connection/Store.ts","statementMap":{"0":{"start":{"line":1,"column":0},"end":{"line":1,"column":null}},"1":{"start":{"line":2,"column":0},"end":{"line":2,"column":null}},"2":{"start":{"line":3,"column":0},"end":{"line":3,"column":null}},"3":{"start":{"line":4,"column":0},"end":{"line":4,"column":null}},"4":{"start":{"line":6,"column":0},"end":{"line":6,"column":null}},"5":{"start":{"line":7,"column":0},"end":{"line":7,"column":null}},"6":{"start":{"line":8,"column":0},"end":{"line":8,"column":null}},"7":{"start":{"line":10,"column":0},"end":{"line":10,"column":4}},"8":{"start":{"line":12,"column":53},"end":{"line":12,"column":null}},"9":{"start":{"line":22,"column":39},"end":{"line":22,"column":43}},"10":{"start":{"line":25,"column":4},"end":{"line":27,"column":null}},"11":{"start":{"line":26,"column":8},"end":{"line":26,"column":15}},"12":{"start":{"line":29,"column":4},"end":{"line":34,"column":null}},"13":{"start":{"line":30,"column":25},"end":{"line":30,"column":31}},"14":{"start":{"line":31,"column":8},"end":{"line":31,"column":13}},"15":{"start":{"line":33,"column":8},"end":{"line":33,"column":14}},"16":{"start":{"line":36,"column":4},"end":{"line":36,"column":11}}},"fnMap":{"0":{"name":"hydrateStore","decl":{"start":{"line":24,"column":16},"end":{"line":24,"column":29}},"loc":{"start":{"line":24,"column":61},"end":{"line":37,"column":null}}}},"branchMap":{"0":{"loc":{"start":{"line":25,"column":4},"end":{"line":27,"column":null}},"type":"if","locations":[{"start":{"line":25,"column":4},"end":{"line":27,"column":null}},{"start":{"line":25,"column":4},"end":{"line":27,"column":null}}]}},"s":{"0":1,"1":1,"2":1,"3":1,"4":1,"5":1,"6":1,"7":1,"8":1,"9":1,"10":0,"11":0,"12":0,"13":0,"14":0,"15":0,"16":0},"f":{"0":0},"b":{"0":[0,0]}}
,"/Users/alessandro.bellini/Dev/vue-class/src/client/apps/code/05/2-connection/modules/EmailListModule.ts": {"path":"/Users/alessandro.bellini/Dev/vue-class/src/client/apps/code/05/2-connection/modules/EmailListModule.ts","statementMap":{"0":{"start":{"line":2,"column":0},"end":{"line":2,"column":null}},"1":{"start":{"line":4,"column":0},"end":{"line":4,"column":null}},"2":{"start":{"line":5,"column":0},"end":{"line":5,"column":null}},"3":{"start":{"line":6,"column":0},"end":{"line":6,"column":null}},"4":{"start":{"line":8,"column":66},"end":{"line":8,"column":null}},"5":{"start":{"line":14,"column":12},"end":{"line":14,"column":17}},"6":{"start":{"line":18,"column":12},"end":{"line":18,"column":17}},"7":{"start":{"line":23,"column":41},"end":{"line":23,"column":29}},"8":{"start":{"line":23,"column":41},"end":{"line":23,"column":40}},"9":{"start":{"line":24,"column":12},"end":{"line":24,"column":19}},"10":{"start":{"line":25,"column":16},"end":{"line":27,"column":null}},"11":{"start":{"line":26,"column":20},"end":{"line":26,"column":27}},"12":{"start":{"line":29,"column":16},"end":{"line":29,"column":23}},"13":{"start":{"line":35,"column":42},"end":{"line":35,"column":32}},"14":{"start":{"line":35,"column":42},"end":{"line":35,"column":41}},"15":{"start":{"line":36,"column":12},"end":{"line":36,"column":18}},"16":{"start":{"line":39,"column":29},"end":{"line":39,"column":35}},"17":{"start":{"line":40,"column":16},"end":{"line":40,"column":22}},"18":{"start":{"line":42,"column":16},"end":{"line":42,"column":22}},"19":{"start":{"line":47,"column":16},"end":{"line":47,"column":22}},"20":{"start":{"line":51,"column":74},"end":{"line":51,"column":35}},"21":{"start":{"line":51,"column":74},"end":{"line":51,"column":43}},"22":{"start":{"line":51,"column":74},"end":{"line":51,"column":55}},"23":{"start":{"line":56,"column":12},"end":{"line":56,"column":18}},"24":{"start":{"line":58,"column":12},"end":{"line":58,"column":18}}},"fnMap":{"0":{"name":"SET_LIST","decl":{"start":{"line":12,"column":15},"end":{"line":12,"column":null}},"loc":{"start":{"line":13,"column":57},"end":{"line":15,"column":null}}},"1":{"name":"filteredList","decl":{"start":{"line":22,"column":13},"end":{"line":22,"column":null}},"loc":{"start":{"line":23,"column":41},"end":{"line":31,"column":null}}},"2":{"name":"(anonymous_10)","decl":{"start":{"line":24,"column":31},"end":{"line":24,"column":32}},"loc":{"start":{"line":24,"column":51},"end":{"line":30,"column":null}}},"3":{"name":"loadAll","decl":{"start":{"line":34,"column":13},"end":{"line":34,"column":null}},"loc":{"start":{"line":35,"column":42},"end":{"line":49,"column":null}}}},"branchMap":{"0":{"loc":{"start":{"line":25,"column":16},"end":{"line":27,"column":null}},"type":"if","locations":[{"start":{"line":25,"column":16},"end":{"line":27,"column":null}},{"start":{"line":25,"column":16},"end":{"line":27,"column":null}}]},"1":{"loc":{"start":{"line":59,"column":38},"end":{"line":59,"column":67}},"type":"cond-expr","locations":[{"start":{"line":59,"column":38},"end":{"line":59,"column":67}},{"start":{"line":59,"column":67},"end":{"line":59,"column":null}}]}},"s":{"0":2,"1":2,"2":2,"3":2,"4":2,"5":4,"6":0,"7":2,"8":2,"9":2,"10":6,"11":0,"12":6,"13":3,"14":3,"15":3,"16":3,"17":3,"18":0,"19":3,"20":0,"21":0,"22":0,"23":0,"24":0},"f":{"0":4,"1":2,"2":6,"3":3},"b":{"0":[0,6],"1":[0,0]}}
,"/Users/alessandro.bellini/Dev/vue-class/src/client/apps/code/05/2-connection/modules/EmailListState.ts": {"path":"/Users/alessandro.bellini/Dev/vue-class/src/client/apps/code/05/2-connection/modules/EmailListState.ts","statementMap":{"0":{"start":{"line":3,"column":0},"end":{"line":6,"column":null}},"1":{"start":{"line":3,"column":0},"end":{"line":3,"column":13}},"2":{"start":{"line":4,"column":4},"end":{"line":4,"column":24}},"3":{"start":{"line":5,"column":4},"end":{"line":5,"column":26}}},"fnMap":{"0":{"name":"EmailListState","decl":{"start":{"line":3,"column":0},"end":{"line":3,"column":13}},"loc":{"start":{"line":3,"column":0},"end":{"line":6,"column":null}}}},"branchMap":{},"s":{"0":4,"1":7,"2":7,"3":7},"f":{"0":7},"b":{}}
,"/Users/alessandro.bellini/Dev/vue-class/src/client/apps/code/05/2-connection/modules/EmailModule.ts": {"path":"/Users/alessandro.bellini/Dev/vue-class/src/client/apps/code/05/2-connection/modules/EmailModule.ts","statementMap":{"0":{"start":{"line":2,"column":0},"end":{"line":2,"column":null}},"1":{"start":{"line":5,"column":0},"end":{"line":5,"column":null}},"2":{"start":{"line":6,"column":0},"end":{"line":6,"column":null}},"3":{"start":{"line":8,"column":58},"end":{"line":8,"column":null}},"4":{"start":{"line":14,"column":12},"end":{"line":14,"column":17}},"5":{"start":{"line":19,"column":38},"end":{"line":19,"column":37}},"6":{"start":{"line":20,"column":12},"end":{"line":20,"column":19}},"7":{"start":{"line":23,"column":39},"end":{"line":23,"column":38}},"8":{"start":{"line":24,"column":28},"end":{"line":24,"column":null}},"9":{"start":{"line":30,"column":12},"end":{"line":30,"column":19}},"10":{"start":{"line":32,"column":21},"end":{"line":32,"column":22}},"11":{"start":{"line":38,"column":51},"end":{"line":38,"column":29}},"12":{"start":{"line":38,"column":51},"end":{"line":38,"column":41}},"13":{"start":{"line":39,"column":12},"end":{"line":39,"column":18}},"14":{"start":{"line":42,"column":30},"end":{"line":42,"column":36}},"15":{"start":{"line":43,"column":16},"end":{"line":43,"column":22}},"16":{"start":{"line":45,"column":16},"end":{"line":45,"column":22}},"17":{"start":{"line":47,"column":16},"end":{"line":47,"column":22}},"18":{"start":{"line":52,"column":16},"end":{"line":52,"column":22}},"19":{"start":{"line":56,"column":68},"end":{"line":56,"column":42}},"20":{"start":{"line":56,"column":68},"end":{"line":56,"column":56}},"21":{"start":{"line":56,"column":68},"end":{"line":56,"column":60}},"22":{"start":{"line":56,"column":68},"end":{"line":56,"column":67}},"23":{"start":{"line":57,"column":12},"end":{"line":57,"column":18}},"24":{"start":{"line":60,"column":30},"end":{"line":60,"column":36}},"25":{"start":{"line":61,"column":16},"end":{"line":61,"column":22}},"26":{"start":{"line":63,"column":16},"end":{"line":63,"column":22}},"27":{"start":{"line":64,"column":16},"end":{"line":64,"column":22}},"28":{"start":{"line":69,"column":16},"end":{"line":69,"column":22}},"29":{"start":{"line":71,"column":16},"end":{"line":71,"column":22}},"30":{"start":{"line":76,"column":16},"end":{"line":76,"column":22}}},"fnMap":{"0":{"name":"SET_CURRENT","decl":{"start":{"line":12,"column":15},"end":{"line":12,"column":null}},"loc":{"start":{"line":13,"column":51},"end":{"line":15,"column":null}}},"1":{"name":"exists","decl":{"start":{"line":18,"column":13},"end":{"line":18,"column":null}},"loc":{"start":{"line":19,"column":38},"end":{"line":21,"column":null}}},"2":{"name":"(anonymous_10)","decl":{"start":{"line":32,"column":21},"end":{"line":32,"column":22}},"loc":{"start":{"line":32,"column":21},"end":{"line":32,"column":22}}},"3":{"name":"load","decl":{"start":{"line":37,"column":13},"end":{"line":37,"column":null}},"loc":{"start":{"line":38,"column":51},"end":{"line":54,"column":null}}}},"branchMap":{"0":{"loc":{"start":{"line":20,"column":19},"end":{"line":20,"column":27}},"type":"binary-expr","locations":[{"start":{"line":20,"column":19},"end":{"line":20,"column":27}},{"start":{"line":20,"column":39},"end":{"line":20,"column":47}}]},"1":{"loc":{"start":{"line":20,"column":54},"end":{"line":20,"column":56}},"type":"cond-expr","locations":[{"start":{"line":20,"column":54},"end":{"line":20,"column":56}},{"start":{"line":20,"column":47},"end":{"line":20,"column":null}}]},"2":{"loc":{"start":{"line":20,"column":47},"end":{"line":20,"column":56}},"type":"binary-expr","locations":[{"start":{"line":20,"column":47},"end":{"line":20,"column":56}},{"start":{"line":20,"column":47},"end":{"line":20,"column":56}}]},"3":{"loc":{"start":{"line":24,"column":28},"end":{"line":24,"column":48}},"type":"binary-expr","locations":[{"start":{"line":24,"column":28},"end":{"line":24,"column":48}},{"start":{"line":24,"column":48},"end":{"line":24,"column":null}}]},"4":{"loc":{"start":{"line":24,"column":35},"end":{"line":24,"column":37}},"type":"cond-expr","locations":[{"start":{"line":24,"column":35},"end":{"line":24,"column":37}},{"start":{"line":24,"column":28},"end":{"line":24,"column":48}}]},"5":{"loc":{"start":{"line":24,"column":28},"end":{"line":24,"column":37}},"type":"binary-expr","locations":[{"start":{"line":24,"column":28},"end":{"line":24,"column":37}},{"start":{"line":24,"column":28},"end":{"line":24,"column":37}}]},"6":{"loc":{"start":{"line":30,"column":19},"end":{"line":30,"column":26}},"type":"binary-expr","locations":[{"start":{"line":30,"column":19},"end":{"line":30,"column":26}},{"start":{"line":33,"column":29},"end":{"line":33,"column":null}}]}},"s":{"0":1,"1":1,"2":1,"3":1,"4":1,"5":0,"6":0,"7":0,"8":0,"9":0,"10":0,"11":0,"12":0,"13":0,"14":0,"15":0,"16":0,"17":0,"18":0,"19":1,"20":1,"21":1,"22":1,"23":1,"24":1,"25":1,"26":1,"27":1,"28":0,"29":0,"30":1},"f":{"0":1,"1":0,"2":0,"3":1},"b":{"0":[0,0],"1":[0,0],"2":[0,0],"3":[0,0],"4":[0,0],"5":[0,0],"6":[0,0]}}
,"/Users/alessandro.bellini/Dev/vue-class/src/client/apps/code/05/2-connection/modules/EmailState.ts": {"path":"/Users/alessandro.bellini/Dev/vue-class/src/client/apps/code/05/2-connection/modules/EmailState.ts","statementMap":{"0":{"start":{"line":3,"column":0},"end":{"line":5,"column":null}},"1":{"start":{"line":3,"column":0},"end":{"line":3,"column":13}},"2":{"start":{"line":4,"column":4},"end":{"line":4,"column":28}}},"fnMap":{"0":{"name":"EmailState","decl":{"start":{"line":3,"column":0},"end":{"line":3,"column":13}},"loc":{"start":{"line":3,"column":0},"end":{"line":5,"column":null}}}},"branchMap":{},"s":{"0":3,"1":4,"2":4},"f":{"0":4},"b":{}}
,"/Users/alessandro.bellini/Dev/vue-class/src/client/apps/code/05/2-connection/modules/MessagingModule.ts": {"path":"/Users/alessandro.bellini/Dev/vue-class/src/client/apps/code/05/2-connection/modules/MessagingModule.ts","statementMap":{"0":{"start":{"line":2,"column":0},"end":{"line":2,"column":null}},"1":{"start":{"line":6,"column":66},"end":{"line":6,"column":null}},"2":{"start":{"line":12,"column":12},"end":{"line":12,"column":17}},"3":{"start":{"line":16,"column":12},"end":{"line":16,"column":17}},"4":{"start":{"line":24,"column":45},"end":{"line":24,"column":31}},"5":{"start":{"line":25,"column":12},"end":{"line":25,"column":18}},"6":{"start":{"line":28,"column":51},"end":{"line":28,"column":25}},"7":{"start":{"line":29,"column":12},"end":{"line":29,"column":18}}},"fnMap":{"0":{"name":"SET_LOADING","decl":{"start":{"line":10,"column":15},"end":{"line":10,"column":null}},"loc":{"start":{"line":11,"column":57},"end":{"line":13,"column":null}}},"1":{"name":"setLoading","decl":{"start":{"line":23,"column":13},"end":{"line":23,"column":null}},"loc":{"start":{"line":24,"column":45},"end":{"line":26,"column":null}}}},"branchMap":{},"s":{"0":1,"1":1,"2":6,"3":1,"4":6,"5":6,"6":1,"7":1},"f":{"0":7,"1":7},"b":{}}
,"/Users/alessandro.bellini/Dev/vue-class/src/client/apps/code/05/2-connection/modules/MessagingState.ts": {"path":"/Users/alessandro.bellini/Dev/vue-class/src/client/apps/code/05/2-connection/modules/MessagingState.ts","statementMap":{"0":{"start":{"line":3,"column":0},"end":{"line":6,"column":null}},"1":{"start":{"line":3,"column":0},"end":{"line":3,"column":13}},"2":{"start":{"line":4,"column":4},"end":{"line":4,"column":25}},"3":{"start":{"line":5,"column":4},"end":{"line":5,"column":36}}},"fnMap":{"0":{"name":"MessagingState","decl":{"start":{"line":3,"column":0},"end":{"line":3,"column":13}},"loc":{"start":{"line":3,"column":0},"end":{"line":6,"column":null}}}},"branchMap":{},"s":{"0":3,"1":4,"2":4,"3":4},"f":{"0":4},"b":{}}
,"/Users/alessandro.bellini/Dev/vue-class/src/client/apps/code/05/3-presentation/components/Notification.vue": {"path":"/Users/alessandro.bellini/Dev/vue-class/src/client/apps/code/05/3-presentation/components/Notification.vue","statementMap":{"0":{"start":{"line":28,"column":0},"end":{"line":28,"column":null}},"1":{"start":{"line":31,"column":0},"end":{"line":31,"column":null}},"2":{"start":{"line":36,"column":0},"end":{"line":36,"column":null}},"3":{"start":{"line":42,"column":0},"end":{"line":42,"column":null}},"4":{"start":{"line":43,"column":0},"end":{"line":43,"column":null}},"5":{"start":{"line":46,"column":0},"end":{"line":46,"column":null}},"6":{"start":{"line":47,"column":0},"end":{"line":47,"column":null}},"7":{"start":{"line":51,"column":0},"end":{"line":53,"column":null}},"8":{"start":{"line":52,"column":0},"end":{"line":52,"column":null}},"9":{"start":{"line":55,"column":0},"end":{"line":55,"column":null}},"10":{"start":{"line":58,"column":0},"end":{"line":58,"column":null}},"11":{"start":{"line":59,"column":0},"end":{"line":61,"column":null}},"12":{"start":{"line":60,"column":0},"end":{"line":60,"column":null}},"13":{"start":{"line":40,"column":0},"end":{"line":37,"column":null}},"14":{"start":{"line":36,"column":0},"end":{"line":33,"column":null}}},"fnMap":{"0":{"name":"(anonymous_6)","decl":{"start":{"line":36,"column":0},"end":{"line":36,"column":null}},"loc":{"start":{"line":36,"column":0},"end":{"line":36,"column":null}}},"1":{"name":"(anonymous_11)","decl":{"start":{"line":59,"column":0},"end":{"line":59,"column":null}},"loc":{"start":{"line":59,"column":0},"end":{"line":61,"column":null}}}},"branchMap":{"0":{"loc":{"start":{"line":51,"column":0},"end":{"line":53,"column":null}},"type":"if","locations":[{"start":{"line":51,"column":0},"end":{"line":53,"column":null}},{"start":{"line":51,"column":0},"end":{"line":53,"column":null}}]}},"s":{"0":1,"1":1,"2":7,"3":1,"4":1,"5":1,"6":1,"7":0,"8":0,"9":0,"10":1,"11":1,"12":0,"13":1,"14":1},"f":{"0":4,"1":0},"b":{"0":[0,0]}}
,"/Users/alessandro.bellini/Dev/vue-class/src/client/apps/code/05/3-presentation/components/StatusDropdown.vue": {"path":"/Users/alessandro.bellini/Dev/vue-class/src/client/apps/code/05/3-presentation/components/StatusDropdown.vue","statementMap":{"0":{"start":{"line":31,"column":0},"end":{"line":31,"column":null}},"1":{"start":{"line":32,"column":0},"end":{"line":32,"column":null}},"2":{"start":{"line":33,"column":0},"end":{"line":33,"column":null}},"3":{"start":{"line":42,"column":0},"end":{"line":42,"column":null}},"4":{"start":{"line":49,"column":0},"end":{"line":49,"column":null}},"5":{"start":{"line":52,"column":0},"end":{"line":52,"column":null}},"6":{"start":{"line":56,"column":0},"end":{"line":56,"column":null}},"7":{"start":{"line":61,"column":0},"end":{"line":61,"column":null}},"8":{"start":{"line":65,"column":0},"end":{"line":65,"column":null}},"9":{"start":{"line":66,"column":0},"end":{"line":66,"column":null}},"10":{"start":{"line":71,"column":0},"end":{"line":71,"column":null}},"11":{"start":{"line":44,"column":0},"end":{"line":43,"column":null}},"12":{"start":{"line":47,"column":0},"end":{"line":46,"column":null}},"13":{"start":{"line":60,"column":0},"end":{"line":60,"column":null}},"14":{"start":{"line":70,"column":0},"end":{"line":70,"column":null}},"15":{"start":{"line":42,"column":0},"end":{"line":35,"column":null}}},"fnMap":{"0":{"name":"(anonymous_6)","decl":{"start":{"line":42,"column":0},"end":{"line":42,"column":null}},"loc":{"start":{"line":42,"column":0},"end":{"line":42,"column":null}}}},"branchMap":{},"s":{"0":2,"1":2,"2":2,"3":18,"4":4,"5":4,"6":18,"7":2,"8":0,"9":0,"10":0,"11":2,"12":2,"13":2,"14":2,"15":2},"f":{"0":30},"b":{}}
,"/Users/alessandro.bellini/Dev/vue-class/src/client/apps/code/05/3-presentation/components/StoreComponent.ts": {"path":"/Users/alessandro.bellini/Dev/vue-class/src/client/apps/code/05/3-presentation/components/StoreComponent.ts","statementMap":{"0":{"start":{"line":1,"column":0},"end":{"line":1,"column":null}}},"fnMap":{},"branchMap":{},"s":{"0":2},"f":{},"b":{}}
,"/Users/alessandro.bellini/Dev/vue-class/src/client/apps/code/05/3-presentation/helpers/date.ts": {"path":"/Users/alessandro.bellini/Dev/vue-class/src/client/apps/code/05/3-presentation/helpers/date.ts","statementMap":{"0":{"start":{"line":1,"column":0},"end":{"line":1,"column":null}},"1":{"start":{"line":3,"column":31},"end":{"line":3,"column":32}}},"fnMap":{"0":{"name":"getRelativeDate","decl":{"start":{"line":3,"column":13},"end":{"line":3,"column":28}},"loc":{"start":{"line":3,"column":31},"end":{"line":3,"column":32}}}},"branchMap":{"0":{"loc":{"start":{"line":4,"column":6},"end":{"line":4,"column":21}},"type":"cond-expr","locations":[{"start":{"line":4,"column":6},"end":{"line":4,"column":21}},{"start":{"line":5,"column":6},"end":{"line":5,"column":null}}]}},"s":{"0":2,"1":11},"f":{"0":9},"b":{"0":[9,0]}}
,"/Users/alessandro.bellini/Dev/vue-class/src/client/apps/code/05/3-presentation/helpers/status.ts": {"path":"/Users/alessandro.bellini/Dev/vue-class/src/client/apps/code/05/3-presentation/helpers/status.ts","statementMap":{"0":{"start":{"line":1,"column":0},"end":{"line":1,"column":null}},"1":{"start":{"line":2,"column":0},"end":{"line":2,"column":null}},"2":{"start":{"line":4,"column":17},"end":{"line":4,"column":null}},"3":{"start":{"line":10,"column":30},"end":{"line":10,"column":31}},"4":{"start":{"line":12,"column":33},"end":{"line":12,"column":34}}},"fnMap":{"0":{"name":"getStatusLabel","decl":{"start":{"line":10,"column":13},"end":{"line":10,"column":27}},"loc":{"start":{"line":10,"column":30},"end":{"line":10,"column":31}}},"1":{"name":"getStatusModifier","decl":{"start":{"line":12,"column":13},"end":{"line":12,"column":30}},"loc":{"start":{"line":12,"column":33},"end":{"line":12,"column":34}}}},"branchMap":{},"s":{"0":4,"1":4,"2":4,"3":36,"4":17},"f":{"0":32,"1":13},"b":{}}
,"/Users/alessandro.bellini/Dev/vue-class/src/client/apps/code/05/3-presentation/views/Email.vue": {"path":"/Users/alessandro.bellini/Dev/vue-class/src/client/apps/code/05/3-presentation/views/Email.vue","statementMap":{"0":{"start":{"line":54,"column":0},"end":{"line":54,"column":null}},"1":{"start":{"line":55,"column":0},"end":{"line":55,"column":null}},"2":{"start":{"line":56,"column":0},"end":{"line":56,"column":null}},"3":{"start":{"line":57,"column":0},"end":{"line":57,"column":null}},"4":{"start":{"line":58,"column":0},"end":{"line":58,"column":null}},"5":{"start":{"line":60,"column":0},"end":{"line":60,"column":null}},"6":{"start":{"line":68,"column":0},"end":{"line":68,"column":null}},"7":{"start":{"line":70,"column":0},"end":{"line":70,"column":null}},"8":{"start":{"line":71,"column":0},"end":{"line":71,"column":null}},"9":{"start":{"line":74,"column":0},"end":{"line":74,"column":null}},"10":{"start":{"line":78,"column":0},"end":{"line":80,"column":null}},"11":{"start":{"line":79,"column":0},"end":{"line":79,"column":null}},"12":{"start":{"line":82,"column":0},"end":{"line":82,"column":null}},"13":{"start":{"line":86,"column":0},"end":{"line":86,"column":null}},"14":{"start":{"line":90,"column":0},"end":{"line":90,"column":null}},"15":{"start":{"line":94,"column":0},"end":{"line":94,"column":null}},"16":{"start":{"line":95,"column":0},"end":{"line":95,"column":null}},"17":{"start":{"line":99,"column":0},"end":{"line":99,"column":null}},"18":{"start":{"line":103,"column":0},"end":{"line":103,"column":null}},"19":{"start":{"line":105,"column":0},"end":{"line":105,"column":null}},"20":{"start":{"line":110,"column":0},"end":{"line":110,"column":null}},"21":{"start":{"line":112,"column":0},"end":{"line":112,"column":null}},"22":{"start":{"line":113,"column":0},"end":{"line":113,"column":null}},"23":{"start":{"line":117,"column":0},"end":{"line":119,"column":null}},"24":{"start":{"line":118,"column":0},"end":{"line":118,"column":null}},"25":{"start":{"line":121,"column":0},"end":{"line":121,"column":null}},"26":{"start":{"line":129,"column":0},"end":{"line":129,"column":null}},"27":{"start":{"line":130,"column":0},"end":{"line":130,"column":null}},"28":{"start":{"line":135,"column":0},"end":{"line":135,"column":null}},"29":{"start":{"line":137,"column":0},"end":{"line":137,"column":null}},"30":{"start":{"line":142,"column":0},"end":{"line":142,"column":null}},"31":{"start":{"line":69,"column":0},"end":{"line":69,"column":null}},"32":{"start":{"line":109,"column":0},"end":{"line":109,"column":null}},"33":{"start":{"line":68,"column":0},"end":{"line":62,"column":null}}},"fnMap":{"0":{"name":"(anonymous_13)","decl":{"start":{"line":68,"column":0},"end":{"line":68,"column":null}},"loc":{"start":{"line":68,"column":0},"end":{"line":68,"column":null}}},"1":{"name":"(anonymous_33)","decl":{"start":{"line":129,"column":0},"end":{"line":129,"column":null}},"loc":{"start":{"line":129,"column":0},"end":{"line":129,"column":null}}}},"branchMap":{"0":{"loc":{"start":{"line":74,"column":0},"end":{"line":74,"column":null}},"type":"binary-expr","locations":[{"start":{"line":74,"column":0},"end":{"line":74,"column":null}},{"start":{"line":74,"column":0},"end":{"line":74,"column":null}}]},"1":{"loc":{"start":{"line":78,"column":0},"end":{"line":80,"column":null}},"type":"if","locations":[{"start":{"line":78,"column":0},"end":{"line":80,"column":null}},{"start":{"line":78,"column":0},"end":{"line":80,"column":null}}]},"2":{"loc":{"start":{"line":90,"column":0},"end":{"line":90,"column":null}},"type":"cond-expr","locations":[{"start":{"line":90,"column":0},"end":{"line":90,"column":null}},{"start":{"line":90,"column":0},"end":{"line":90,"column":null}}]},"3":{"loc":{"start":{"line":117,"column":0},"end":{"line":119,"column":null}},"type":"if","locations":[{"start":{"line":117,"column":0},"end":{"line":119,"column":null}},{"start":{"line":117,"column":0},"end":{"line":119,"column":null}}]},"4":{"loc":{"start":{"line":129,"column":0},"end":{"line":130,"column":null}},"type":"switch","locations":[{"start":{"line":129,"column":0},"end":{"line":130,"column":null}},{"start":{"line":129,"column":0},"end":{"line":129,"column":null}},{"start":{"line":129,"column":0},"end":{"line":129,"column":null}}]},"5":{"loc":{"start":{"line":138,"column":0},"end":{"line":138,"column":null}},"type":"cond-expr","locations":[{"start":{"line":138,"column":0},"end":{"line":138,"column":null}},{"start":{"line":138,"column":0},"end":{"line":138,"column":null}}]}},"s":{"0":1,"1":1,"2":1,"3":1,"4":1,"5":1,"6":11,"7":3,"8":3,"9":3,"10":3,"11":0,"12":3,"13":3,"14":3,"15":3,"16":3,"17":0,"18":0,"19":0,"20":3,"21":3,"22":3,"23":3,"24":3,"25":0,"26":0,"27":0,"28":0,"29":0,"30":0,"31":1,"32":1,"33":1},"f":{"0":31,"1":0},"b":{"0":[3,0],"1":[0,3],"2":[3,6],"3":[3,0],"4":[0,0,0],"5":[0,0]}}
,"/Users/alessandro.bellini/Dev/vue-class/src/client/apps/code/05/3-presentation/views/EmailList.vue": {"path":"/Users/alessandro.bellini/Dev/vue-class/src/client/apps/code/05/3-presentation/views/EmailList.vue","statementMap":{"0":{"start":{"line":60,"column":0},"end":{"line":60,"column":null}},"1":{"start":{"line":63,"column":0},"end":{"line":63,"column":null}},"2":{"start":{"line":64,"column":0},"end":{"line":64,"column":null}},"3":{"start":{"line":65,"column":0},"end":{"line":65,"column":null}},"4":{"start":{"line":75,"column":0},"end":{"line":75,"column":null}},"5":{"start":{"line":79,"column":0},"end":{"line":79,"column":null}},"6":{"start":{"line":83,"column":0},"end":{"line":83,"column":null}},"7":{"start":{"line":87,"column":0},"end":{"line":87,"column":null}},"8":{"start":{"line":76,"column":0},"end":{"line":76,"column":null}},"9":{"start":{"line":75,"column":0},"end":{"line":67,"column":null}}},"fnMap":{"0":{"name":"(anonymous_13)","decl":{"start":{"line":75,"column":0},"end":{"line":75,"column":null}},"loc":{"start":{"line":75,"column":0},"end":{"line":75,"column":null}}}},"branchMap":{},"s":{"0":1,"1":1,"2":1,"3":1,"4":9,"5":2,"6":2,"7":2,"8":1,"9":1},"f":{"0":9},"b":{}}
,"/Users/alessandro.bellini/Dev/vue-class/src/client/helpers/network-provider.ts": {"path":"/Users/alessandro.bellini/Dev/vue-class/src/client/helpers/network-provider.ts","statementMap":{"0":{"start":{"line":1,"column":0},"end":{"line":1,"column":null}},"1":{"start":{"line":3,"column":36},"end":{"line":3,"column":42}},"2":{"start":{"line":8,"column":38},"end":{"line":8,"column":44}}},"fnMap":{},"branchMap":{},"s":{"0":2,"1":2,"2":2},"f":{},"b":{}}
,"/Users/alessandro.bellini/Dev/vue-class/src/lambda/emails.js": {"path":"/Users/alessandro.bellini/Dev/vue-class/src/lambda/emails.js","statementMap":{"0":{"start":{"line":1,"column":14},"end":{"line":1,"column":30}},"1":{"start":{"line":2,"column":15},"end":{"line":2,"column":39}},"2":{"start":{"line":3,"column":15},"end":{"line":3,"column":39}},"3":{"start":{"line":4,"column":13},"end":{"line":4,"column":35}},"4":{"start":{"line":5,"column":20},"end":{"line":5,"column":49}},"5":{"start":{"line":7,"column":21},"end":{"line":7,"column":47}},"6":{"start":{"line":9,"column":23},"end":{"line":20,"column":7}},"7":{"start":{"line":9,"column":59},"end":{"line":20,"column":7}},"8":{"start":{"line":11,"column":19},"end":{"line":20,"column":5}},"9":{"start":{"line":22,"column":23},"end":{"line":25,"column":2}},"10":{"start":{"line":22,"column":46},"end":{"line":25,"column":1}},"11":{"start":{"line":27,"column":15},"end":{"line":30,"column":12}},"12":{"start":{"line":32,"column":0},"end":{"line":68,"column":1}},"13":{"start":{"line":33,"column":4},"end":{"line":35,"column":9}},"14":{"start":{"line":33,"column":23},"end":{"line":35,"column":5}},"15":{"start":{"line":34,"column":21},"end":{"line":34,"column":46}},"16":{"start":{"line":37,"column":18},"end":{"line":37,"column":38}},"17":{"start":{"line":38,"column":20},"end":{"line":38,"column":42}},"18":{"start":{"line":40,"column":4},"end":{"line":42,"column":5}},"19":{"start":{"line":41,"column":8},"end":{"line":41,"column":75}},"20":{"start":{"line":41,"column":50},"end":{"line":41,"column":72}},"21":{"start":{"line":44,"column":17},"end":{"line":44,"column":48}},"22":{"start":{"line":45,"column":15},"end":{"line":45,"column":57}},"23":{"start":{"line":47,"column":4},"end":{"line":49,"column":5}},"24":{"start":{"line":48,"column":8},"end":{"line":48,"column":73}},"25":{"start":{"line":51,"column":18},"end":{"line":51,"column":55}},"26":{"start":{"line":51,"column":39},"end":{"line":51,"column":54}},"27":{"start":{"line":53,"column":4},"end":{"line":55,"column":5}},"28":{"start":{"line":54,"column":8},"end":{"line":54,"column":65}},"29":{"start":{"line":57,"column":4},"end":{"line":65,"column":5}},"30":{"start":{"line":58,"column":27},"end":{"line":58,"column":31}},"31":{"start":{"line":60,"column":8},"end":{"line":62,"column":9}},"32":{"start":{"line":61,"column":12},"end":{"line":61,"column":81}},"33":{"start":{"line":64,"column":8},"end":{"line":64,"column":30}},"34":{"start":{"line":67,"column":4},"end":{"line":67,"column":33}}},"fnMap":{"0":{"name":"(anonymous_0)","decl":{"start":{"line":9,"column":48},"end":{"line":9,"column":49}},"loc":{"start":{"line":9,"column":59},"end":{"line":20,"column":7}},"line":9},"1":{"name":"(anonymous_1)","decl":{"start":{"line":11,"column":9},"end":{"line":11,"column":10}},"loc":{"start":{"line":11,"column":19},"end":{"line":20,"column":5}},"line":11},"2":{"name":"(anonymous_2)","decl":{"start":{"line":22,"column":23},"end":{"line":22,"column":24}},"loc":{"start":{"line":22,"column":46},"end":{"line":25,"column":1}},"line":22},"3":{"name":"(anonymous_3)","decl":{"start":{"line":32,"column":18},"end":{"line":32,"column":19}},"loc":{"start":{"line":32,"column":73},"end":{"line":68,"column":1}},"line":32},"4":{"name":"(anonymous_4)","decl":{"start":{"line":33,"column":11},"end":{"line":33,"column":12}},"loc":{"start":{"line":33,"column":23},"end":{"line":35,"column":5}},"line":33},"5":{"name":"(anonymous_5)","decl":{"start":{"line":34,"column":8},"end":{"line":34,"column":9}},"loc":{"start":{"line":34,"column":21},"end":{"line":34,"column":46}},"line":34},"6":{"name":"(anonymous_6)","decl":{"start":{"line":41,"column":41},"end":{"line":41,"column":42}},"loc":{"start":{"line":41,"column":50},"end":{"line":41,"column":72}},"line":41},"7":{"name":"(anonymous_7)","decl":{"start":{"line":51,"column":30},"end":{"line":51,"column":31}},"loc":{"start":{"line":51,"column":39},"end":{"line":51,"column":54}},"line":51}},"branchMap":{"0":{"loc":{"start":{"line":22,"column":30},"end":{"line":22,"column":40}},"type":"default-arg","locations":[{"start":{"line":22,"column":37},"end":{"line":22,"column":40}}],"line":22},"1":{"loc":{"start":{"line":40,"column":4},"end":{"line":42,"column":5}},"type":"if","locations":[{"start":{"line":40,"column":4},"end":{"line":42,"column":5}},{"start":{"line":40,"column":4},"end":{"line":42,"column":5}}],"line":40},"2":{"loc":{"start":{"line":40,"column":8},"end":{"line":40,"column":54}},"type":"binary-expr","locations":[{"start":{"line":40,"column":8},"end":{"line":40,"column":13}},{"start":{"line":40,"column":17},"end":{"line":40,"column":54}}],"line":40},"3":{"loc":{"start":{"line":44,"column":17},"end":{"line":44,"column":48}},"type":"cond-expr","locations":[{"start":{"line":44,"column":27},"end":{"line":44,"column":43}},{"start":{"line":44,"column":46},"end":{"line":44,"column":48}}],"line":44},"4":{"loc":{"start":{"line":45,"column":15},"end":{"line":45,"column":57}},"type":"cond-expr","locations":[{"start":{"line":45,"column":23},"end":{"line":45,"column":47}},{"start":{"line":45,"column":50},"end":{"line":45,"column":57}}],"line":45},"5":{"loc":{"start":{"line":47,"column":4},"end":{"line":49,"column":5}},"type":"if","locations":[{"start":{"line":47,"column":4},"end":{"line":49,"column":5}},{"start":{"line":47,"column":4},"end":{"line":49,"column":5}}],"line":47},"6":{"loc":{"start":{"line":53,"column":4},"end":{"line":55,"column":5}},"type":"if","locations":[{"start":{"line":53,"column":4},"end":{"line":55,"column":5}},{"start":{"line":53,"column":4},"end":{"line":55,"column":5}}],"line":53},"7":{"loc":{"start":{"line":57,"column":4},"end":{"line":65,"column":5}},"type":"if","locations":[{"start":{"line":57,"column":4},"end":{"line":65,"column":5}},{"start":{"line":57,"column":4},"end":{"line":65,"column":5}}],"line":57},"8":{"loc":{"start":{"line":60,"column":8},"end":{"line":62,"column":9}},"type":"if","locations":[{"start":{"line":60,"column":8},"end":{"line":62,"column":9}},{"start":{"line":60,"column":8},"end":{"line":62,"column":9}}],"line":60},"9":{"loc":{"start":{"line":60,"column":12},"end":{"line":60,"column":53}},"type":"binary-expr","locations":[{"start":{"line":60,"column":12},"end":{"line":60,"column":19}},{"start":{"line":60,"column":23},"end":{"line":60,"column":53}}],"line":60}},"s":{"0":5,"1":5,"2":5,"3":5,"4":5,"5":5,"6":5,"7":15,"8":270,"9":5,"10":0,"11":5,"12":5,"13":0,"14":0,"15":0,"16":0,"17":0,"18":0,"19":0,"20":0,"21":0,"22":0,"23":0,"24":0,"25":0,"26":0,"27":0,"28":0,"29":0,"30":0,"31":0,"32":0,"33":0,"34":0},"f":{"0":15,"1":270,"2":0,"3":0,"4":0,"5":0,"6":0,"7":0},"b":{"0":[0],"1":[0,0],"2":[0,0],"3":[0,0],"4":[0,0],"5":[0,0],"6":[0,0],"7":[0,0],"8":[0,0],"9":[0,0]},"_coverageSchema":"1a1c01bbd47fc00a2c39e90264f33305004495a9","hash":"98b6f0c087ffec7e625a9acb5fdc48ba9630672d"}
,"/Users/alessandro.bellini/Dev/vue-class/src/mock/email.ts": {"path":"/Users/alessandro.bellini/Dev/vue-class/src/mock/email.ts","statementMap":{"0":{"start":{"line":1,"column":0},"end":{"line":1,"column":null}},"1":{"start":{"line":2,"column":0},"end":{"line":2,"column":null}},"2":{"start":{"line":3,"column":0},"end":{"line":3,"column":null}},"3":{"start":{"line":5,"column":38},"end":{"line":5,"column":53}},"4":{"start":{"line":5,"column":60},"end":{"line":5,"column":61}},"5":{"start":{"line":6,"column":34},"end":{"line":6,"column":49}},"6":{"start":{"line":8,"column":44},"end":{"line":8,"column":null}},"7":{"start":{"line":32,"column":40},"end":{"line":32,"column":null}}},"fnMap":{"0":{"name":"(anonymous_0)","decl":{"start":{"line":5,"column":60},"end":{"line":5,"column":61}},"loc":{"start":{"line":5,"column":60},"end":{"line":5,"column":61}}}},"branchMap":{},"s":{"0":5,"1":5,"2":5,"3":5,"4":15,"5":5,"6":5,"7":5},"f":{"0":15},"b":{}}
,"/Users/alessandro.bellini/Dev/vue-class/src/mock/endpoints.ts": {"path":"/Users/alessandro.bellini/Dev/vue-class/src/mock/endpoints.ts","statementMap":{"0":{"start":{"line":1,"column":0},"end":{"line":1,"column":null}},"1":{"start":{"line":2,"column":0},"end":{"line":2,"column":null}},"2":{"start":{"line":3,"column":0},"end":{"line":3,"column":null}},"3":{"start":{"line":6,"column":13},"end":{"line":6,"column":17}},"4":{"start":{"line":8,"column":26},"end":{"line":25,"column":null}},"5":{"start":{"line":9,"column":18},"end":{"line":9,"column":null}},"6":{"start":{"line":14,"column":21},"end":{"line":14,"column":null}},"7":{"start":{"line":20,"column":4},"end":{"line":20,"column":8}},"8":{"start":{"line":21,"column":4},"end":{"line":21,"column":8}},"9":{"start":{"line":22,"column":4},"end":{"line":22,"column":8}},"10":{"start":{"line":24,"column":4},"end":{"line":24,"column":11}}},"fnMap":{"0":{"name":"loadEmails","decl":{"start":{"line":8,"column":13},"end":{"line":8,"column":23}},"loc":{"start":{"line":8,"column":31},"end":{"line":25,"column":null}}}},"branchMap":{},"s":{"0":2,"1":2,"2":2,"3":2,"4":2,"5":2,"6":2,"7":2,"8":2,"9":2,"10":2},"f":{"0":2},"b":{}}
,"/Users/alessandro.bellini/Dev/vue-class/src/mock/local-vue.ts": {"path":"/Users/alessandro.bellini/Dev/vue-class/src/mock/local-vue.ts","statementMap":{"0":{"start":{"line":1,"column":0},"end":{"line":1,"column":null}},"1":{"start":{"line":2,"column":0},"end":{"line":2,"column":null}},"2":{"start":{"line":3,"column":0},"end":{"line":3,"column":null}},"3":{"start":{"line":4,"column":0},"end":{"line":4,"column":null}},"4":{"start":{"line":5,"column":0},"end":{"line":5,"column":null}},"5":{"start":{"line":6,"column":0},"end":{"line":6,"column":null}},"6":{"start":{"line":7,"column":0},"end":{"line":7,"column":null}},"7":{"start":{"line":8,"column":0},"end":{"line":8,"column":null}},"8":{"start":{"line":9,"column":0},"end":{"line":9,"column":null}},"9":{"start":{"line":11,"column":34},"end":{"line":11,"column":null}},"10":{"start":{"line":12,"column":0},"end":{"line":12,"column":18}},"11":{"start":{"line":13,"column":0},"end":{"line":13,"column":18}},"12":{"start":{"line":15,"column":24},"end":{"line":15,"column":null}},"13":{"start":{"line":16,"column":0},"end":{"line":16,"column":8}},"14":{"start":{"line":18,"column":22},"end":{"line":18,"column":26}},"15":{"start":{"line":20,"column":36},"end":{"line":65,"column":null}},"16":{"start":{"line":20,"column":82},"end":{"line":20,"column":81}},"17":{"start":{"line":21,"column":27},"end":{"line":21,"column":null}},"18":{"start":{"line":27,"column":34},"end":{"line":27,"column":40}},"19":{"start":{"line":41,"column":28},"end":{"line":41,"column":34}},"20":{"start":{"line":42,"column":29},"end":{"line":42,"column":35}},"21":{"start":{"line":59,"column":20},"end":{"line":59,"column":26}},"22":{"start":{"line":61,"column":4},"end":{"line":61,"column":11}}},"fnMap":{"0":{"name":"generateStoreContext","decl":{"start":{"line":20,"column":13},"end":{"line":20,"column":33}},"loc":{"start":{"line":20,"column":82},"end":{"line":65,"column":null}}},"1":{"name":"filteredList","decl":{"start":{"line":27,"column":34},"end":{"line":27,"column":40}},"loc":{"start":{"line":27,"column":34},"end":{"line":27,"column":40}}},"2":{"name":"exists","decl":{"start":{"line":41,"column":28},"end":{"line":41,"column":34}},"loc":{"start":{"line":41,"column":28},"end":{"line":41,"column":34}}},"3":{"name":"content","decl":{"start":{"line":42,"column":29},"end":{"line":42,"column":35}},"loc":{"start":{"line":42,"column":29},"end":{"line":42,"column":35}}}},"branchMap":{"0":{"loc":{"start":{"line":20,"column":82},"end":{"line":20,"column":null}},"type":"cond-expr","locations":[{"start":{"line":20,"column":82},"end":{"line":20,"column":null}},{"start":{"line":20,"column":76},"end":{"line":20,"column":82}}]},"1":{"loc":{"start":{"line":20,"column":82},"end":{"line":20,"column":null}},"type":"binary-expr","locations":[{"start":{"line":20,"column":82},"end":{"line":20,"column":null}},{"start":{"line":20,"column":82},"end":{"line":20,"column":null}}]}},"s":{"0":2,"1":2,"2":2,"3":2,"4":2,"5":2,"6":2,"7":2,"8":2,"9":2,"10":2,"11":2,"12":2,"13":2,"14":2,"15":2,"16":3,"17":3,"18":0,"19":3,"20":3,"21":3,"22":3},"f":{"0":3,"1":0,"2":3,"3":3},"b":{"0":[0,3],"1":[3,0]}}
}
