TN:
SF:src/client/apps/code/05/@data.js
FNF:0
FNH:0
DA:1,1
LF:1
LH:1
BRF:0
BRH:0
end_of_record
TN:
SF:src/client/apps/code/05/1-data/clients/email.ts
FN:5,getEmails
FN:5,_callee
FN:19,getEmail
FN:19,_callee2
FN:36,updateEmailStatus
FN:36,_callee3
FNF:6
FNH:4
FNDA:4,getEmails
FNDA:16,_callee
FNDA:0,getEmail
FNDA:0,_callee2
FNDA:1,updateEmailStatus
FNDA:4,_callee3
DA:2,3
DA:5,48
DA:7,4
DA:14,0
DA:19,3
DA:21,0
DA:31,0
DA:36,12
DA:38,1
DA:49,0
LF:10
LH:6
BRDA:5,0,0,4
BRDA:5,0,1,4
BRDA:5,0,2,0
BRDA:5,0,3,0
BRDA:5,0,4,4
BRDA:19,1,0,0
BRDA:19,1,1,0
BRDA:19,1,2,0
BRDA:19,1,3,0
BRDA:19,1,4,0
BRDA:36,2,0,1
BRDA:36,2,1,1
BRDA:36,2,2,0
BRDA:36,2,3,0
BRDA:36,2,4,1
BRF:15
BRH:6
end_of_record
TN:
SF:src/client/apps/code/05/1-data/typings/Email.ts
FN:1,(anonymous_0)
FNF:1
FNH:1
FNDA:7,(anonymous_0)
DA:1,7
DA:2,7
DA:3,7
DA:4,7
LF:4
LH:4
BRDA:1,0,0,7
BRDA:1,0,1,7
BRF:2
BRH:2
end_of_record
TN:
SF:src/client/apps/code/05/1-data/typings/Notification.ts
FN:1,(anonymous_0)
FNF:1
FNH:1
FNDA:3,(anonymous_0)
DA:1,3
DA:2,3
DA:3,3
DA:4,3
DA:5,3
DA:6,3
LF:6
LH:6
BRDA:1,0,0,3
BRDA:1,0,1,3
BRF:2
BRH:2
end_of_record
TN:
SF:src/client/apps/code/05/2-connection/Store.ts
FN:24,hydrateStore
FNF:1
FNH:0
FNDA:0,hydrateStore
DA:1,1
DA:2,1
DA:3,1
DA:4,1
DA:6,1
DA:7,1
DA:8,1
DA:10,1
DA:12,1
DA:22,1
DA:25,0
DA:26,0
DA:29,0
DA:30,0
DA:31,0
DA:33,0
DA:36,0
LF:17
LH:10
BRDA:25,0,0,0
BRDA:25,0,1,0
BRF:2
BRH:0
end_of_record
TN:
SF:src/client/apps/code/05/2-connection/modules/EmailListModule.ts
FN:12,SET_LIST
FN:22,filteredList
FN:24,(anonymous_10)
FN:34,loadAll
FNF:4
FNH:4
FNDA:4,SET_LIST
FNDA:2,filteredList
FNDA:6,(anonymous_10)
FNDA:3,loadAll
DA:2,2
DA:4,2
DA:5,2
DA:6,2
DA:8,2
DA:14,4
DA:18,0
DA:23,2
DA:24,2
DA:25,6
DA:26,0
DA:29,6
DA:35,3
DA:36,3
DA:39,3
DA:40,3
DA:42,0
DA:47,3
DA:51,0
DA:56,0
DA:58,0
LF:21
LH:15
BRDA:25,0,0,0
BRDA:25,0,1,6
BRDA:59,1,0,0
BRDA:59,1,1,0
BRF:4
BRH:1
end_of_record
TN:
SF:src/client/apps/code/05/2-connection/modules/EmailListState.ts
FN:3,EmailListState
FNF:1
FNH:1
FNDA:7,EmailListState
DA:3,7
DA:4,7
DA:5,7
LF:3
LH:3
BRF:0
BRH:0
end_of_record
TN:
SF:src/client/apps/code/05/2-connection/modules/EmailModule.ts
FN:12,SET_CURRENT
FN:18,exists
FN:32,(anonymous_10)
FN:37,load
FNF:4
FNH:2
FNDA:1,SET_CURRENT
FNDA:0,exists
FNDA:0,(anonymous_10)
FNDA:1,load
DA:2,1
DA:5,1
DA:6,1
DA:8,1
DA:14,1
DA:19,0
DA:20,0
DA:23,0
DA:24,0
DA:30,0
DA:32,0
DA:38,0
DA:39,0
DA:42,0
DA:43,0
DA:45,0
DA:47,0
DA:52,0
DA:56,1
DA:57,1
DA:60,1
DA:61,1
DA:63,1
DA:64,1
DA:69,0
DA:71,0
DA:76,1
LF:27
LH:12
BRDA:20,0,0,0
BRDA:20,0,1,0
BRDA:20,1,0,0
BRDA:20,1,1,0
BRDA:20,2,0,0
BRDA:20,2,1,0
BRDA:24,3,0,0
BRDA:24,3,1,0
BRDA:24,4,0,0
BRDA:24,4,1,0
BRDA:24,5,0,0
BRDA:24,5,1,0
BRDA:30,6,0,0
BRDA:30,6,1,0
BRF:14
BRH:0
end_of_record
TN:
SF:src/client/apps/code/05/2-connection/modules/EmailState.ts
FN:3,EmailState
FNF:1
FNH:1
FNDA:4,EmailState
DA:3,4
DA:4,4
LF:2
LH:2
BRF:0
BRH:0
end_of_record
TN:
SF:src/client/apps/code/05/2-connection/modules/MessagingModule.ts
FN:10,SET_LOADING
FN:23,setLoading
FNF:2
FNH:2
FNDA:7,SET_LOADING
FNDA:7,setLoading
DA:2,1
DA:6,1
DA:12,6
DA:16,1
DA:24,6
DA:25,6
DA:28,1
DA:29,1
LF:8
LH:8
BRF:0
BRH:0
end_of_record
TN:
SF:src/client/apps/code/05/2-connection/modules/MessagingState.ts
FN:3,MessagingState
FNF:1
FNH:1
FNDA:4,MessagingState
DA:3,4
DA:4,4
DA:5,4
LF:3
LH:3
BRF:0
BRH:0
end_of_record
TN:
SF:src/client/apps/code/05/3-presentation/components/Notification.vue
FN:36,(anonymous_6)
FN:59,(anonymous_11)
FNF:2
FNH:1
FNDA:4,(anonymous_6)
FNDA:0,(anonymous_11)
DA:28,1
DA:31,1
DA:36,7
DA:40,1
DA:42,1
DA:43,1
DA:46,1
DA:47,1
DA:51,0
DA:52,0
DA:55,0
DA:58,1
DA:59,1
DA:60,0
LF:14
LH:10
BRDA:51,0,0,0
BRDA:51,0,1,0
BRF:2
BRH:0
end_of_record
TN:
SF:src/client/apps/code/05/3-presentation/components/StatusDropdown.vue
FN:42,(anonymous_6)
FNF:1
FNH:1
FNDA:30,(anonymous_6)
DA:31,2
DA:32,2
DA:33,2
DA:42,18
DA:44,2
DA:47,2
DA:49,4
DA:52,4
DA:56,18
DA:60,2
DA:61,2
DA:65,0
DA:66,0
DA:70,2
DA:71,0
LF:15
LH:12
BRF:0
BRH:0
end_of_record
TN:
SF:src/client/apps/code/05/3-presentation/components/StoreComponent.ts
FNF:0
FNH:0
DA:1,2
LF:1
LH:1
BRF:0
BRH:0
end_of_record
TN:
SF:src/client/apps/code/05/3-presentation/helpers/date.ts
FN:3,getRelativeDate
FNF:1
FNH:1
FNDA:9,getRelativeDate
DA:1,2
DA:3,11
LF:2
LH:2
BRDA:4,0,0,9
BRDA:4,0,1,0
BRF:2
BRH:1
end_of_record
TN:
SF:src/client/apps/code/05/3-presentation/helpers/status.ts
FN:10,getStatusLabel
FN:12,getStatusModifier
FNF:2
FNH:2
FNDA:32,getStatusLabel
FNDA:13,getStatusModifier
DA:1,4
DA:2,4
DA:4,4
DA:10,36
DA:12,17
LF:5
LH:5
BRF:0
BRH:0
end_of_record
TN:
SF:src/client/apps/code/05/3-presentation/views/Email.vue
FN:68,(anonymous_13)
FN:129,(anonymous_33)
FNF:2
FNH:1
FNDA:31,(anonymous_13)
FNDA:0,(anonymous_33)
DA:54,1
DA:55,1
DA:56,1
DA:57,1
DA:58,1
DA:60,1
DA:68,11
DA:69,1
DA:70,3
DA:71,3
DA:74,3
DA:78,3
DA:79,0
DA:82,3
DA:86,3
DA:90,3
DA:94,3
DA:95,3
DA:99,0
DA:103,0
DA:105,0
DA:109,1
DA:110,3
DA:112,3
DA:113,3
DA:117,3
DA:118,3
DA:121,0
DA:129,0
DA:130,0
DA:135,0
DA:137,0
DA:142,0
LF:33
LH:23
BRDA:74,0,0,3
BRDA:74,0,1,0
BRDA:78,1,0,0
BRDA:78,1,1,3
BRDA:90,2,0,3
BRDA:90,2,1,6
BRDA:117,3,0,3
BRDA:117,3,1,0
BRDA:129,4,0,0
BRDA:129,4,1,0
BRDA:129,4,2,0
BRDA:138,5,0,0
BRDA:138,5,1,0
BRF:13
BRH:5
end_of_record
TN:
SF:src/client/apps/code/05/3-presentation/views/EmailList.vue
FN:75,(anonymous_13)
FNF:1
FNH:1
FNDA:9,(anonymous_13)
DA:60,1
DA:63,1
DA:64,1
DA:65,1
DA:75,9
DA:76,1
DA:79,2
DA:83,2
DA:87,2
LF:9
LH:9
BRF:0
BRH:0
end_of_record
TN:
SF:src/client/helpers/network-provider.ts
FNF:0
FNH:0
DA:1,2
DA:3,2
DA:8,2
LF:3
LH:3
BRF:0
BRH:0
end_of_record
TN:
SF:src/lambda/emails.js
FN:9,(anonymous_0)
FN:11,(anonymous_1)
FN:22,(anonymous_2)
FN:32,(anonymous_3)
FN:33,(anonymous_4)
FN:34,(anonymous_5)
FN:41,(anonymous_6)
FN:51,(anonymous_7)
FNF:8
FNH:2
FNDA:15,(anonymous_0)
FNDA:270,(anonymous_1)
FNDA:0,(anonymous_2)
FNDA:0,(anonymous_3)
FNDA:0,(anonymous_4)
FNDA:0,(anonymous_5)
FNDA:0,(anonymous_6)
FNDA:0,(anonymous_7)
DA:1,5
DA:2,5
DA:3,5
DA:4,5
DA:5,5
DA:7,5
DA:9,15
DA:11,270
DA:22,5
DA:27,5
DA:32,5
DA:33,0
DA:34,0
DA:37,0
DA:38,0
DA:40,0
DA:41,0
DA:44,0
DA:45,0
DA:47,0
DA:48,0
DA:51,0
DA:53,0
DA:54,0
DA:57,0
DA:58,0
DA:60,0
DA:61,0
DA:64,0
DA:67,0
LF:30
LH:11
BRDA:22,0,0,0
BRDA:40,1,0,0
BRDA:40,1,1,0
BRDA:40,2,0,0
BRDA:40,2,1,0
BRDA:44,3,0,0
BRDA:44,3,1,0
BRDA:45,4,0,0
BRDA:45,4,1,0
BRDA:47,5,0,0
BRDA:47,5,1,0
BRDA:53,6,0,0
BRDA:53,6,1,0
BRDA:57,7,0,0
BRDA:57,7,1,0
BRDA:60,8,0,0
BRDA:60,8,1,0
BRDA:60,9,0,0
BRDA:60,9,1,0
BRF:19
BRH:0
end_of_record
TN:
SF:src/mock/email.ts
FN:5,(anonymous_0)
FNF:1
FNH:1
FNDA:15,(anonymous_0)
DA:1,5
DA:2,5
DA:3,5
DA:5,15
DA:6,5
DA:8,5
DA:32,5
LF:7
LH:7
BRF:0
BRH:0
end_of_record
TN:
SF:src/mock/endpoints.ts
FN:8,loadEmails
FNF:1
FNH:1
FNDA:2,loadEmails
DA:1,2
DA:2,2
DA:3,2
DA:6,2
DA:8,2
DA:9,2
DA:14,2
DA:20,2
DA:21,2
DA:22,2
DA:24,2
LF:11
LH:11
BRF:0
BRH:0
end_of_record
TN:
SF:src/mock/local-vue.ts
FN:20,generateStoreContext
FN:27,filteredList
FN:41,exists
FN:42,content
FNF:4
FNH:3
FNDA:3,generateStoreContext
FNDA:0,filteredList
FNDA:3,exists
FNDA:3,content
DA:1,2
DA:2,2
DA:3,2
DA:4,2
DA:5,2
DA:6,2
DA:7,2
DA:8,2
DA:9,2
DA:11,2
DA:12,2
DA:13,2
DA:15,2
DA:16,2
DA:18,2
DA:20,3
DA:21,3
DA:27,0
DA:41,3
DA:42,3
DA:59,3
DA:61,3
LF:22
LH:21
BRDA:20,0,0,0
BRDA:20,0,1,3
BRDA:20,1,0,3
BRDA:20,1,1,0
BRF:4
BRH:2
end_of_record
